14:30:44.093 [main] INFO  org.testng.internal.Utils - [Utils] MethodGroupsHelper.sortMethods() took 0 ms.
14:30:44.099 [main] INFO  org.testng.internal.Utils - [Utils] MethodGroupsHelper.collectMethodsByGroup() took 0 ms.
14:30:44.099 [main] INFO  org.testng.internal.Utils - [Utils] MethodGroupsHelper.sortMethods() took 0 ms.
14:30:44.108 [main] INFO  org.testng.internal.Utils - [TestNG] Running:
  C:\Users\USER\AppData\Local\Temp\testng-eclipse-1217923014\testng-customsuite.xml

14:30:44.128 [main] INFO  org.testng.internal.Utils - [Utils] DynamicGraphHelper.createDynamicGraph() took 3 ms.
14:30:44.350 [main] DEBUG org.apache.poi.openxml4j.opc.PackageRelationshipCollection - Parsing relationship: /xl/_rels/workbook.xml.rels
14:30:44.353 [main] DEBUG org.apache.poi.openxml4j.opc.PackageRelationshipCollection - Parsing relationship: /xl/worksheets/_rels/sheet1.xml.rels
14:30:44.363 [main] DEBUG org.apache.poi.openxml4j.opc.PackageRelationshipCollection - Parsing relationship: /_rels/.rels
14:30:44.810 [main] DEBUG org.apache.poi.ooxml.POIXMLFactory - using default POIXMLDocumentPart for http://schemas.openxmlformats.org/officeDocument/2006/relationships/printerSettings
14:30:44.894 [main] DEBUG org.apache.poi.openxml4j.opc.PackageRelationshipCollection - Parsing relationship: /xl/_rels/workbook.xml.rels
14:30:44.896 [main] DEBUG org.apache.poi.openxml4j.opc.PackageRelationshipCollection - Parsing relationship: /xl/worksheets/_rels/sheet1.xml.rels
14:30:44.898 [main] DEBUG org.apache.poi.openxml4j.opc.PackageRelationshipCollection - Parsing relationship: /_rels/.rels
14:30:44.913 [main] DEBUG org.apache.poi.ooxml.POIXMLFactory - using default POIXMLDocumentPart for http://schemas.openxmlformats.org/officeDocument/2006/relationships/printerSettings
14:30:44.930 [main] DEBUG org.apache.poi.openxml4j.opc.PackageRelationshipCollection - Parsing relationship: /xl/_rels/workbook.xml.rels
14:30:44.931 [main] DEBUG org.apache.poi.openxml4j.opc.PackageRelationshipCollection - Parsing relationship: /xl/worksheets/_rels/sheet1.xml.rels
14:30:44.933 [main] DEBUG org.apache.poi.openxml4j.opc.PackageRelationshipCollection - Parsing relationship: /_rels/.rels
14:30:44.945 [main] DEBUG org.apache.poi.ooxml.POIXMLFactory - using default POIXMLDocumentPart for http://schemas.openxmlformats.org/officeDocument/2006/relationships/printerSettings
14:30:44.966 [main] DEBUG org.apache.poi.openxml4j.opc.PackageRelationshipCollection - Parsing relationship: /xl/_rels/workbook.xml.rels
14:30:44.967 [main] DEBUG org.apache.poi.openxml4j.opc.PackageRelationshipCollection - Parsing relationship: /xl/worksheets/_rels/sheet1.xml.rels
14:30:44.968 [main] DEBUG org.apache.poi.openxml4j.opc.PackageRelationshipCollection - Parsing relationship: /_rels/.rels
14:30:44.978 [main] DEBUG org.apache.poi.ooxml.POIXMLFactory - using default POIXMLDocumentPart for http://schemas.openxmlformats.org/officeDocument/2006/relationships/printerSettings
14:30:44.992 [main] DEBUG org.apache.poi.openxml4j.opc.PackageRelationshipCollection - Parsing relationship: /xl/_rels/workbook.xml.rels
14:30:44.993 [main] DEBUG org.apache.poi.openxml4j.opc.PackageRelationshipCollection - Parsing relationship: /xl/worksheets/_rels/sheet1.xml.rels
14:30:44.994 [main] DEBUG org.apache.poi.openxml4j.opc.PackageRelationshipCollection - Parsing relationship: /_rels/.rels
14:30:45.004 [main] DEBUG org.apache.poi.ooxml.POIXMLFactory - using default POIXMLDocumentPart for http://schemas.openxmlformats.org/officeDocument/2006/relationships/printerSettings
14:30:45.018 [main] DEBUG org.apache.poi.openxml4j.opc.PackageRelationshipCollection - Parsing relationship: /xl/_rels/workbook.xml.rels
14:30:45.019 [main] DEBUG org.apache.poi.openxml4j.opc.PackageRelationshipCollection - Parsing relationship: /xl/worksheets/_rels/sheet1.xml.rels
14:30:45.020 [main] DEBUG org.apache.poi.openxml4j.opc.PackageRelationshipCollection - Parsing relationship: /_rels/.rels
14:30:45.030 [main] DEBUG org.apache.poi.ooxml.POIXMLFactory - using default POIXMLDocumentPart for http://schemas.openxmlformats.org/officeDocument/2006/relationships/printerSettings
14:30:45.043 [main] DEBUG org.apache.poi.openxml4j.opc.PackageRelationshipCollection - Parsing relationship: /xl/_rels/workbook.xml.rels
14:30:45.044 [main] DEBUG org.apache.poi.openxml4j.opc.PackageRelationshipCollection - Parsing relationship: /xl/worksheets/_rels/sheet1.xml.rels
14:30:45.045 [main] DEBUG org.apache.poi.openxml4j.opc.PackageRelationshipCollection - Parsing relationship: /_rels/.rels
14:30:45.055 [main] DEBUG org.apache.poi.ooxml.POIXMLFactory - using default POIXMLDocumentPart for http://schemas.openxmlformats.org/officeDocument/2006/relationships/printerSettings
14:30:45.067 [main] DEBUG org.apache.poi.openxml4j.opc.PackageRelationshipCollection - Parsing relationship: /xl/_rels/workbook.xml.rels
14:30:45.068 [main] DEBUG org.apache.poi.openxml4j.opc.PackageRelationshipCollection - Parsing relationship: /xl/worksheets/_rels/sheet1.xml.rels
14:30:45.069 [main] DEBUG org.apache.poi.openxml4j.opc.PackageRelationshipCollection - Parsing relationship: /_rels/.rels
14:30:45.080 [main] DEBUG org.apache.poi.ooxml.POIXMLFactory - using default POIXMLDocumentPart for http://schemas.openxmlformats.org/officeDocument/2006/relationships/printerSettings
14:30:45.091 [main] DEBUG org.apache.poi.openxml4j.opc.PackageRelationshipCollection - Parsing relationship: /xl/_rels/workbook.xml.rels
14:30:45.093 [main] DEBUG org.apache.poi.openxml4j.opc.PackageRelationshipCollection - Parsing relationship: /xl/worksheets/_rels/sheet1.xml.rels
14:30:45.094 [main] DEBUG org.apache.poi.openxml4j.opc.PackageRelationshipCollection - Parsing relationship: /_rels/.rels
14:30:45.103 [main] DEBUG org.apache.poi.ooxml.POIXMLFactory - using default POIXMLDocumentPart for http://schemas.openxmlformats.org/officeDocument/2006/relationships/printerSettings
14:30:45.115 [main] DEBUG org.apache.poi.openxml4j.opc.PackageRelationshipCollection - Parsing relationship: /xl/_rels/workbook.xml.rels
14:30:45.116 [main] DEBUG org.apache.poi.openxml4j.opc.PackageRelationshipCollection - Parsing relationship: /xl/worksheets/_rels/sheet1.xml.rels
14:30:45.117 [main] DEBUG org.apache.poi.openxml4j.opc.PackageRelationshipCollection - Parsing relationship: /_rels/.rels
14:30:45.128 [main] DEBUG org.apache.poi.ooxml.POIXMLFactory - using default POIXMLDocumentPart for http://schemas.openxmlformats.org/officeDocument/2006/relationships/printerSettings
14:30:45.156 [main] DEBUG org.apache.poi.openxml4j.opc.PackageRelationshipCollection - Parsing relationship: /xl/_rels/workbook.xml.rels
14:30:45.157 [main] DEBUG org.apache.poi.openxml4j.opc.PackageRelationshipCollection - Parsing relationship: /xl/worksheets/_rels/sheet1.xml.rels
14:30:45.158 [main] DEBUG org.apache.poi.openxml4j.opc.PackageRelationshipCollection - Parsing relationship: /_rels/.rels
14:30:45.167 [main] DEBUG org.apache.poi.ooxml.POIXMLFactory - using default POIXMLDocumentPart for http://schemas.openxmlformats.org/officeDocument/2006/relationships/printerSettings
14:30:45.183 [main] DEBUG org.apache.poi.openxml4j.opc.PackageRelationshipCollection - Parsing relationship: /xl/_rels/workbook.xml.rels
14:30:45.184 [main] DEBUG org.apache.poi.openxml4j.opc.PackageRelationshipCollection - Parsing relationship: /xl/worksheets/_rels/sheet1.xml.rels
14:30:45.185 [main] DEBUG org.apache.poi.openxml4j.opc.PackageRelationshipCollection - Parsing relationship: /_rels/.rels
14:30:45.192 [main] DEBUG org.apache.poi.ooxml.POIXMLFactory - using default POIXMLDocumentPart for http://schemas.openxmlformats.org/officeDocument/2006/relationships/printerSettings
14:30:45.201 [main] DEBUG org.apache.poi.openxml4j.opc.PackageRelationshipCollection - Parsing relationship: /xl/_rels/workbook.xml.rels
14:30:45.202 [main] DEBUG org.apache.poi.openxml4j.opc.PackageRelationshipCollection - Parsing relationship: /xl/worksheets/_rels/sheet1.xml.rels
14:30:45.203 [main] DEBUG org.apache.poi.openxml4j.opc.PackageRelationshipCollection - Parsing relationship: /_rels/.rels
14:30:45.213 [main] DEBUG org.apache.poi.ooxml.POIXMLFactory - using default POIXMLDocumentPart for http://schemas.openxmlformats.org/officeDocument/2006/relationships/printerSettings
14:30:45.224 [main] DEBUG org.apache.poi.openxml4j.opc.PackageRelationshipCollection - Parsing relationship: /xl/_rels/workbook.xml.rels
14:30:45.225 [main] DEBUG org.apache.poi.openxml4j.opc.PackageRelationshipCollection - Parsing relationship: /xl/worksheets/_rels/sheet1.xml.rels
14:30:45.225 [main] DEBUG org.apache.poi.openxml4j.opc.PackageRelationshipCollection - Parsing relationship: /_rels/.rels
14:30:45.233 [main] DEBUG org.apache.poi.ooxml.POIXMLFactory - using default POIXMLDocumentPart for http://schemas.openxmlformats.org/officeDocument/2006/relationships/printerSettings
14:30:45.243 [main] DEBUG org.apache.poi.openxml4j.opc.PackageRelationshipCollection - Parsing relationship: /xl/_rels/workbook.xml.rels
14:30:45.243 [main] DEBUG org.apache.poi.openxml4j.opc.PackageRelationshipCollection - Parsing relationship: /xl/worksheets/_rels/sheet1.xml.rels
14:30:45.244 [main] DEBUG org.apache.poi.openxml4j.opc.PackageRelationshipCollection - Parsing relationship: /_rels/.rels
14:30:45.253 [main] DEBUG org.apache.poi.ooxml.POIXMLFactory - using default POIXMLDocumentPart for http://schemas.openxmlformats.org/officeDocument/2006/relationships/printerSettings
14:30:45.282 [main] DEBUG org.apache.poi.openxml4j.opc.PackageRelationshipCollection - Parsing relationship: /xl/_rels/workbook.xml.rels
14:30:45.283 [main] DEBUG org.apache.poi.openxml4j.opc.PackageRelationshipCollection - Parsing relationship: /xl/worksheets/_rels/sheet1.xml.rels
14:30:45.284 [main] DEBUG org.apache.poi.openxml4j.opc.PackageRelationshipCollection - Parsing relationship: /_rels/.rels
14:30:45.292 [main] DEBUG org.apache.poi.ooxml.POIXMLFactory - using default POIXMLDocumentPart for http://schemas.openxmlformats.org/officeDocument/2006/relationships/printerSettings
14:30:45.306 [main] DEBUG org.apache.poi.openxml4j.opc.PackageRelationshipCollection - Parsing relationship: /xl/_rels/workbook.xml.rels
14:30:45.307 [main] DEBUG org.apache.poi.openxml4j.opc.PackageRelationshipCollection - Parsing relationship: /xl/worksheets/_rels/sheet1.xml.rels
14:30:45.307 [main] DEBUG org.apache.poi.openxml4j.opc.PackageRelationshipCollection - Parsing relationship: /_rels/.rels
14:30:45.316 [main] DEBUG org.apache.poi.ooxml.POIXMLFactory - using default POIXMLDocumentPart for http://schemas.openxmlformats.org/officeDocument/2006/relationships/printerSettings
14:30:45.534 [main] INFO  org.testng.internal.Utils - [TestNG] Time taken by org.testng.reporters.jq.Main@62566842: 95 ms
14:30:45.560 [main] INFO  org.testng.internal.Utils - [TestNG] Time taken by org.testng.reporters.FailedReporter@3cd206b5: 25 ms
14:30:45.577 [main] INFO  org.testng.internal.Utils - [TestNG] Time taken by org.testng.reporters.XMLReporter@5e8c34a0: 16 ms
14:30:45.587 [main] INFO  org.testng.internal.Utils - [TestNG] Time taken by org.testng.reporters.EmailableReporter2@7e94d093: 10 ms
14:30:45.594 [main] INFO  org.testng.internal.Utils - [TestNG] Time taken by org.testng.reporters.JUnitReportReporter@4d96250: 7 ms
14:30:45.595 [main] INFO  org.testng.internal.Utils - [TestNG] Time taken by org.testng.internal.ExitCodeListener@9a6fbc0: 0 ms
11:31:52.249 [main] DEBUG org.testng.TestNG - suiteXmlPath: "C:\Users\ADMIN\eclipse-workspace\Selenium_Framework\master.xml"
11:31:52.661 [main] INFO  org.testng.internal.Utils - [TestNG] Running:
  C:\Users\ADMIN\eclipse-workspace\Selenium_Framework\master.xml

11:32:04.824 [main] INFO  testCases.TC001_AccountRegistrationTest - **** Starting TC001_AccountRegistrationTest ****
11:32:05.356 [main] INFO  testCases.TC001_AccountRegistrationTest - Clicked on MyAccount link
11:32:06.738 [main] INFO  testCases.TC001_AccountRegistrationTest - Clicked on Register link
11:32:06.740 [main] INFO  testCases.TC001_AccountRegistrationTest - Providing customer details...
11:32:11.333 [main] INFO  testCases.TC001_AccountRegistrationTest - Validating expected message...
11:32:11.391 [main] INFO  testCases.TC001_AccountRegistrationTest - **** Finished TC001_AccountRegistrationTest ****
11:32:18.957 [main] INFO  testCases.TC002_LoginTest - **** Starting TC002_LoginTest ****
11:32:21.098 [main] INFO  testCases.TC002_LoginTest - **** Finished TC002_LoginTest ****
12:02:09.308 [main] DEBUG org.testng.TestNG - suiteXmlPath: "C:\Users\ADMIN\eclipse-workspace\Selenium_Framework\grouping.xml"
12:02:09.608 [main] INFO  org.testng.internal.Utils - [TestNG] Running:
  C:\Users\ADMIN\eclipse-workspace\Selenium_Framework\grouping.xml

12:02:16.008 [main] INFO  testCases.TC001_AccountRegistrationTest - **** Starting TC001_AccountRegistrationTest ****
12:02:16.112 [main] INFO  testCases.TC001_AccountRegistrationTest - Clicked on MyAccount link
12:02:17.394 [main] INFO  testCases.TC001_AccountRegistrationTest - Clicked on Register link
12:02:17.397 [main] INFO  testCases.TC001_AccountRegistrationTest - Providing customer details...
12:02:21.967 [main] INFO  testCases.TC001_AccountRegistrationTest - Validating expected message...
12:02:22.015 [main] INFO  testCases.TC001_AccountRegistrationTest - **** Finished TC001_AccountRegistrationTest ****
12:02:28.833 [main] INFO  testCases.TC002_LoginTest - **** Starting TC002_LoginTest ****
12:02:30.834 [main] INFO  testCases.TC002_LoginTest - **** Finished TC002_LoginTest ****
12:02:45.756 [main] DEBUG org.testng.TestNG - suiteXmlPath: "C:\Users\ADMIN\eclipse-workspace\Selenium_Framework\crossbrowsertesting.xml"
12:02:46.065 [main] INFO  org.testng.internal.Utils - [TestNG] Running:
  C:\Users\ADMIN\eclipse-workspace\Selenium_Framework\crossbrowsertesting.xml

12:03:00.393 [TestNG-tests-1] INFO  testCases.TC001_AccountRegistrationTest - **** Starting TC001_AccountRegistrationTest ****
12:03:07.280 [TestNG-tests-2] INFO  testCases.TC001_AccountRegistrationTest - **** Starting TC001_AccountRegistrationTest ****
12:03:08.098 [TestNG-tests-2] INFO  testCases.TC001_AccountRegistrationTest - Clicked on MyAccount link
12:03:11.529 [TestNG-tests-2] INFO  testCases.TC001_AccountRegistrationTest - Clicked on Register link
12:03:11.542 [TestNG-tests-2] INFO  testCases.TC001_AccountRegistrationTest - Providing customer details...
12:03:15.089 [TestNG-tests-3] INFO  testCases.TC001_AccountRegistrationTest - **** Starting TC001_AccountRegistrationTest ****
12:06:25.368 [main] DEBUG org.testng.TestNG - suiteXmlPath: "C:\Users\ADMIN\eclipse-workspace\Selenium_Framework\crossbrowsertesting.xml"
12:06:25.666 [main] INFO  org.testng.internal.Utils - [TestNG] Running:
  C:\Users\ADMIN\eclipse-workspace\Selenium_Framework\crossbrowsertesting.xml

12:06:40.573 [TestNG-tests-1] INFO  testCases.TC001_AccountRegistrationTest - **** Starting TC001_AccountRegistrationTest ****
12:06:43.666 [TestNG-tests-3] INFO  testCases.TC001_AccountRegistrationTest - **** Starting TC001_AccountRegistrationTest ****
12:06:44.000 [TestNG-tests-2] INFO  testCases.TC001_AccountRegistrationTest - **** Starting TC001_AccountRegistrationTest ****
12:06:44.442 [TestNG-tests-1] INFO  testCases.TC001_AccountRegistrationTest - Clicked on MyAccount link
12:06:44.653 [TestNG-tests-2] INFO  testCases.TC001_AccountRegistrationTest - Clicked on MyAccount link
12:06:44.872 [TestNG-tests-3] INFO  testCases.TC001_AccountRegistrationTest - Clicked on MyAccount link
12:06:45.741 [TestNG-tests-2] INFO  testCases.TC001_AccountRegistrationTest - Clicked on Register link
12:06:45.743 [TestNG-tests-2] INFO  testCases.TC001_AccountRegistrationTest - Providing customer details...
12:07:05.547 [main] DEBUG org.testng.TestNG - suiteXmlPath: "C:\Users\ADMIN\eclipse-workspace\Selenium_Framework\crossbrowsertesting.xml"
12:07:05.855 [main] INFO  org.testng.internal.Utils - [TestNG] Running:
  C:\Users\ADMIN\eclipse-workspace\Selenium_Framework\crossbrowsertesting.xml

12:07:25.298 [TestNG-tests-1] INFO  testCases.TC001_AccountRegistrationTest - **** Starting TC001_AccountRegistrationTest ****
12:07:25.878 [TestNG-tests-2] INFO  testCases.TC001_AccountRegistrationTest - **** Starting TC001_AccountRegistrationTest ****
12:07:25.974 [TestNG-tests-1] INFO  testCases.TC001_AccountRegistrationTest - Clicked on MyAccount link
12:07:26.032 [TestNG-tests-2] INFO  testCases.TC001_AccountRegistrationTest - Clicked on MyAccount link
12:07:43.380 [TestNG-tests-3] INFO  testCases.TC001_AccountRegistrationTest - **** Starting TC001_AccountRegistrationTest ****
12:07:43.914 [TestNG-tests-3] INFO  testCases.TC001_AccountRegistrationTest - Clicked on MyAccount link
12:07:45.097 [TestNG-tests-3] INFO  testCases.TC001_AccountRegistrationTest - Clicked on Register link
12:07:45.104 [TestNG-tests-3] INFO  testCases.TC001_AccountRegistrationTest - Providing customer details...
12:11:20.917 [main] DEBUG org.testng.TestNG - suiteXmlPath: "C:\Users\ADMIN\eclipse-workspace\Selenium_Framework\grouping.xml"
12:11:21.206 [main] INFO  org.testng.internal.Utils - [TestNG] Running:
  C:\Users\ADMIN\eclipse-workspace\Selenium_Framework\grouping.xml

12:11:28.467 [main] INFO  testCases.TC001_AccountRegistrationTest - **** Starting TC001_AccountRegistrationTest ****
12:11:28.572 [main] INFO  testCases.TC001_AccountRegistrationTest - Clicked on MyAccount link
12:11:29.862 [main] INFO  testCases.TC001_AccountRegistrationTest - Clicked on Register link
12:11:29.865 [main] INFO  testCases.TC001_AccountRegistrationTest - Providing customer details...
12:11:34.426 [main] INFO  testCases.TC001_AccountRegistrationTest - Validating expected message...
12:11:34.480 [main] INFO  testCases.TC001_AccountRegistrationTest - **** Finished TC001_AccountRegistrationTest ****
12:11:41.959 [main] INFO  testCases.TC002_LoginTest - **** Starting TC002_LoginTest ****
12:11:44.207 [main] INFO  testCases.TC002_LoginTest - **** Finished TC002_LoginTest ****
12:16:40.474 [main] DEBUG org.testng.TestNG - suiteXmlPath: "C:\Users\ADMIN\eclipse-workspace\Selenium_Framework\master.xml"
12:16:40.770 [main] INFO  org.testng.internal.Utils - [TestNG] Running:
  C:\Users\ADMIN\eclipse-workspace\Selenium_Framework\master.xml

12:16:45.755 [main] INFO  testCases.TC001_AccountRegistrationTest - **** Starting TC001_AccountRegistrationTest ****
12:16:47.668 [main] INFO  testCases.TC001_AccountRegistrationTest - Clicked on MyAccount link
12:16:48.923 [main] INFO  testCases.TC001_AccountRegistrationTest - Clicked on Register link
12:16:48.930 [main] INFO  testCases.TC001_AccountRegistrationTest - Providing customer details...
12:16:53.468 [main] INFO  testCases.TC001_AccountRegistrationTest - Validating expected message...
12:16:53.536 [main] INFO  testCases.TC001_AccountRegistrationTest - **** Finished TC001_AccountRegistrationTest ****
12:17:00.104 [main] INFO  testCases.TC002_LoginTest - **** Starting TC002_LoginTest ****
12:17:04.171 [main] INFO  testCases.TC002_LoginTest - **** Finished TC002_LoginTest ****
12:20:28.998 [main] DEBUG org.testng.TestNG - suiteXmlPath: "C:\Users\ADMIN\eclipse-workspace\Selenium_Framework\master.xml"
12:20:29.289 [main] INFO  org.testng.internal.Utils - [TestNG] Running:
  C:\Users\ADMIN\eclipse-workspace\Selenium_Framework\master.xml

12:20:36.912 [main] INFO  testCases.TC001_AccountRegistrationTest - **** Starting TC001_AccountRegistrationTest ****
12:20:37.020 [main] INFO  testCases.TC001_AccountRegistrationTest - Clicked on MyAccount link
12:20:38.016 [main] INFO  testCases.TC001_AccountRegistrationTest - Clicked on Register link
12:20:38.020 [main] INFO  testCases.TC001_AccountRegistrationTest - Providing customer details...
12:20:42.565 [main] INFO  testCases.TC001_AccountRegistrationTest - Validating expected message...
12:20:42.614 [main] INFO  testCases.TC001_AccountRegistrationTest - **** Finished TC001_AccountRegistrationTest ****
12:20:50.412 [main] INFO  testCases.TC002_LoginTest - **** Starting TC002_LoginTest ****
12:20:52.438 [main] INFO  testCases.TC002_LoginTest - **** Finished TC002_LoginTest ****
12:26:39.171 [main] DEBUG org.testng.TestNG - suiteXmlPath: "C:\Users\ADMIN\eclipse-workspace\Selenium_Framework\master.xml"
12:26:39.482 [main] INFO  org.testng.internal.Utils - [TestNG] Running:
  C:\Users\ADMIN\eclipse-workspace\Selenium_Framework\master.xml

12:26:46.648 [main] INFO  testCases.TC001_AccountRegistrationTest - **** Starting TC001_AccountRegistrationTest ****
12:26:46.772 [main] INFO  testCases.TC001_AccountRegistrationTest - Clicked on MyAccount link
12:26:47.819 [main] INFO  testCases.TC001_AccountRegistrationTest - Clicked on Register link
12:26:47.822 [main] INFO  testCases.TC001_AccountRegistrationTest - Providing customer details...
12:26:52.294 [main] INFO  testCases.TC001_AccountRegistrationTest - Validating expected message...
12:26:52.340 [main] INFO  testCases.TC001_AccountRegistrationTest - **** Finished TC001_AccountRegistrationTest ****
12:27:00.439 [main] INFO  testCases.TC002_LoginTest - **** Starting TC002_LoginTest ****
12:27:02.298 [main] INFO  testCases.TC002_LoginTest - **** Finished TC002_LoginTest ****
13:34:39.770 [main] DEBUG org.testng.TestNG - suiteXmlPath: "C:\Users\ADMIN\eclipse-workspace\Selenium_Framework\master.xml"
13:34:40.069 [main] INFO  org.testng.internal.Utils - [TestNG] Running:
  C:\Users\ADMIN\eclipse-workspace\Selenium_Framework\master.xml

13:34:47.040 [main] INFO  testCases.TC001_AccountRegistrationTest - **** Starting TC001_AccountRegistrationTest ****
13:34:47.179 [main] INFO  testCases.TC001_AccountRegistrationTest - Clicked on MyAccount link
13:34:48.993 [main] INFO  testCases.TC001_AccountRegistrationTest - Clicked on Register link
13:34:48.995 [main] INFO  testCases.TC001_AccountRegistrationTest - Providing customer details...
13:34:53.664 [main] INFO  testCases.TC001_AccountRegistrationTest - Validating expected message...
13:34:53.713 [main] INFO  testCases.TC001_AccountRegistrationTest - **** Finished TC001_AccountRegistrationTest ****
13:35:01.159 [main] INFO  testCases.TC002_LoginTest - **** Starting TC002_LoginTest ****
13:35:04.893 [main] INFO  testCases.TC002_LoginTest - **** Finished TC002_LoginTest ****
13:40:41.955 [main] DEBUG org.testng.TestNG - suiteXmlPath: "C:\Users\ADMIN\eclipse-workspace\Selenium_Framework\master.xml"
13:40:42.255 [main] INFO  org.testng.internal.Utils - [TestNG] Running:
  C:\Users\ADMIN\eclipse-workspace\Selenium_Framework\master.xml

13:40:48.184 [main] INFO  testCases.TC001_AccountRegistrationTest - **** Starting TC001_AccountRegistrationTest ****
13:40:48.294 [main] INFO  testCases.TC001_AccountRegistrationTest - Clicked on MyAccount link
13:40:50.058 [main] INFO  testCases.TC001_AccountRegistrationTest - Clicked on Register link
13:40:50.061 [main] INFO  testCases.TC001_AccountRegistrationTest - Providing customer details...
13:40:54.764 [main] INFO  testCases.TC001_AccountRegistrationTest - Validating expected message...
13:40:54.815 [main] INFO  testCases.TC001_AccountRegistrationTest - **** Finished TC001_AccountRegistrationTest ****
13:41:00.985 [main] INFO  testCases.TC002_LoginTest - **** Starting TC002_LoginTest ****
13:41:03.895 [main] INFO  testCases.TC002_LoginTest - **** Finished TC002_LoginTest ****
13:41:41.941 [main] DEBUG org.testng.TestNG - suiteXmlPath: "C:\Users\ADMIN\eclipse-workspace\Selenium_Framework\master.xml"
13:41:42.319 [main] INFO  org.testng.internal.Utils - [TestNG] Running:
  C:\Users\ADMIN\eclipse-workspace\Selenium_Framework\master.xml

13:42:03.776 [main] DEBUG org.testng.TestNG - suiteXmlPath: "C:\Users\ADMIN\eclipse-workspace\Selenium_Framework\master.xml"
13:42:04.080 [main] INFO  org.testng.internal.Utils - [TestNG] Running:
  C:\Users\ADMIN\eclipse-workspace\Selenium_Framework\master.xml

13:42:11.677 [main] INFO  testCases.TC001_AccountRegistrationTest - **** Starting TC001_AccountRegistrationTest ****
13:42:11.791 [main] INFO  testCases.TC001_AccountRegistrationTest - Clicked on MyAccount link
13:42:13.290 [main] INFO  testCases.TC001_AccountRegistrationTest - Clicked on Register link
13:42:13.292 [main] INFO  testCases.TC001_AccountRegistrationTest - Providing customer details...
13:42:18.302 [main] INFO  testCases.TC001_AccountRegistrationTest - Validating expected message...
13:42:18.373 [main] INFO  testCases.TC001_AccountRegistrationTest - **** Finished TC001_AccountRegistrationTest ****
13:42:23.977 [main] INFO  testCases.TC002_LoginTest - **** Starting TC002_LoginTest ****
13:42:26.187 [main] INFO  testCases.TC002_LoginTest - **** Finished TC002_LoginTest ****
13:55:40.310 [main] DEBUG org.testng.TestNG - suiteXmlPath: "C:\Users\ADMIN\eclipse-workspace\Selenium_Framework\master.xml"
13:55:40.610 [main] INFO  org.testng.internal.Utils - [TestNG] Running:
  C:\Users\ADMIN\eclipse-workspace\Selenium_Framework\master.xml

13:56:00.262 [main] DEBUG org.testng.TestNG - suiteXmlPath: "C:\Users\ADMIN\eclipse-workspace\Selenium_Framework\master.xml"
13:56:00.556 [main] INFO  org.testng.internal.Utils - [TestNG] Running:
  C:\Users\ADMIN\eclipse-workspace\Selenium_Framework\master.xml

13:56:08.520 [main] INFO  testCases.TC001_AccountRegistrationTest - **** Starting TC001_AccountRegistrationTest ****
13:56:08.634 [main] INFO  testCases.TC001_AccountRegistrationTest - Clicked on MyAccount link
13:56:10.239 [main] INFO  testCases.TC001_AccountRegistrationTest - Clicked on Register link
13:56:10.245 [main] INFO  testCases.TC001_AccountRegistrationTest - Providing customer details...
13:56:15.522 [main] INFO  testCases.TC001_AccountRegistrationTest - Validating expected message...
13:56:15.569 [main] INFO  testCases.TC001_AccountRegistrationTest - **** Finished TC001_AccountRegistrationTest ****
13:56:20.905 [main] INFO  testCases.TC002_LoginTest - **** Starting TC002_LoginTest ****
13:56:23.476 [main] INFO  testCases.TC002_LoginTest - **** Finished TC002_LoginTest ****
13:59:42.650 [main] DEBUG org.testng.TestNG - suiteXmlPath: "C:\Users\ADMIN\eclipse-workspace\Selenium_Framework\testng.xml"
13:59:42.961 [main] INFO  org.testng.internal.Utils - [TestNG] Running:
  C:\Users\ADMIN\eclipse-workspace\Selenium_Framework\testng.xml

13:59:51.246 [main] INFO  testCases.TC001_AccountRegistrationTest - **** Starting TC001_AccountRegistrationTest ****
13:59:51.356 [main] INFO  testCases.TC001_AccountRegistrationTest - Clicked on MyAccount link
13:59:52.987 [main] INFO  testCases.TC001_AccountRegistrationTest - Clicked on Register link
13:59:52.994 [main] INFO  testCases.TC001_AccountRegistrationTest - Providing customer details...
13:59:57.631 [main] INFO  testCases.TC001_AccountRegistrationTest - Validating expected message...
13:59:57.685 [main] INFO  testCases.TC001_AccountRegistrationTest - **** Finished TC001_AccountRegistrationTest ****
14:00:03.485 [main] INFO  testCases.TC002_LoginTest - **** Starting TC002_LoginTest ****
14:00:08.132 [main] INFO  testCases.TC002_LoginTest - **** Finished TC002_LoginTest ****
14:03:56.049 [main] DEBUG org.testng.TestNG - suiteXmlPath: "C:\Users\ADMIN\eclipse-workspace\Selenium_Framework\testng.xml"
14:03:56.356 [main] INFO  org.testng.internal.Utils - [TestNG] Running:
  C:\Users\ADMIN\eclipse-workspace\Selenium_Framework\testng.xml

14:04:06.620 [main] INFO  testCases.TC001_AccountRegistrationTest - **** Starting TC001_AccountRegistrationTest ****
14:04:06.726 [main] INFO  testCases.TC001_AccountRegistrationTest - Clicked on MyAccount link
14:04:07.993 [main] INFO  testCases.TC001_AccountRegistrationTest - Clicked on Register link
14:04:07.996 [main] INFO  testCases.TC001_AccountRegistrationTest - Providing customer details...
14:04:12.892 [main] INFO  testCases.TC001_AccountRegistrationTest - Validating expected message...
14:04:12.929 [main] INFO  testCases.TC001_AccountRegistrationTest - **** Finished TC001_AccountRegistrationTest ****
14:04:18.565 [main] INFO  testCases.TC002_LoginTest - **** Starting TC002_LoginTest ****
14:04:21.568 [main] INFO  testCases.TC002_LoginTest - **** Finished TC002_LoginTest ****
14:13:58.041 [main] DEBUG org.testng.TestNG - suiteXmlPath: "C:\Users\ADMIN\eclipse-workspace\Selenium_Framework\grouping.xml"
14:13:58.338 [main] INFO  org.testng.internal.Utils - [TestNG] Running:
  C:\Users\ADMIN\eclipse-workspace\Selenium_Framework\grouping.xml

14:14:04.766 [main] INFO  testCases.TC001_AccountRegistrationTest - **** Starting TC001_AccountRegistrationTest ****
14:14:04.864 [main] INFO  testCases.TC001_AccountRegistrationTest - Clicked on MyAccount link
14:14:06.311 [main] INFO  testCases.TC001_AccountRegistrationTest - Clicked on Register link
14:14:06.316 [main] INFO  testCases.TC001_AccountRegistrationTest - Providing customer details...
14:14:10.716 [main] INFO  testCases.TC001_AccountRegistrationTest - Validating expected message...
14:14:10.766 [main] INFO  testCases.TC001_AccountRegistrationTest - **** Finished TC001_AccountRegistrationTest ****
14:14:16.638 [main] INFO  testCases.TC002_LoginTest - **** Starting TC002_LoginTest ****
14:14:18.810 [main] INFO  testCases.TC002_LoginTest - **** Finished TC002_LoginTest ****
14:59:53.774 [main] DEBUG org.testng.TestNG - suiteXmlPath: "C:\Users\ADMIN\eclipse-workspace\Selenium_Framework\master.xml"
14:59:54.071 [main] INFO  org.testng.internal.Utils - [TestNG] Running:
  C:\Users\ADMIN\eclipse-workspace\Selenium_Framework\master.xml

15:00:05.997 [main] DEBUG org.testng.TestNG - suiteXmlPath: "C:\Users\ADMIN\eclipse-workspace\Selenium_Framework\master.xml"
15:00:06.289 [main] INFO  org.testng.internal.Utils - [TestNG] Running:
  C:\Users\ADMIN\eclipse-workspace\Selenium_Framework\master.xml

15:00:13.291 [main] INFO  testCases.TC001_AccountRegistrationTest - **** Starting TC001_AccountRegistrationTest ****
15:00:13.413 [main] INFO  testCases.TC001_AccountRegistrationTest - Clicked on MyAccount link
15:00:14.627 [main] INFO  testCases.TC001_AccountRegistrationTest - Clicked on Register link
15:00:14.629 [main] INFO  testCases.TC001_AccountRegistrationTest - Providing customer details...
15:00:19.185 [main] INFO  testCases.TC001_AccountRegistrationTest - Validating expected message...
15:00:19.248 [main] INFO  testCases.TC001_AccountRegistrationTest - **** Finished TC001_AccountRegistrationTest ****
15:00:25.054 [main] INFO  testCases.TC001_AccountRegistrationTest - **** Starting TC001_AccountRegistrationTest ****
15:00:25.215 [main] INFO  testCases.TC001_AccountRegistrationTest - Clicked on MyAccount link
15:00:27.965 [main] INFO  testCases.TC001_AccountRegistrationTest - Clicked on Register link
15:00:27.967 [main] INFO  testCases.TC001_AccountRegistrationTest - Providing customer details...
15:00:28.901 [main] INFO  testCases.TC002_LoginTest - **** Starting TC002_LoginTest ****
15:00:31.970 [main] INFO  testCases.TC002_LoginTest - **** Finished TC002_LoginTest ****
15:00:32.727 [main] INFO  testCases.TC001_AccountRegistrationTest - Validating expected message...
15:00:32.765 [main] INFO  testCases.TC001_AccountRegistrationTest - **** Finished TC001_AccountRegistrationTest ****
15:00:40.438 [main] INFO  testCases.TC002_LoginTest - **** Starting TC002_LoginTest ****
15:00:42.839 [main] INFO  testCases.TC002_LoginTest - **** Finished TC002_LoginTest ****
15:01:34.019 [main] DEBUG org.testng.TestNG - suiteXmlPath: "C:\Users\ADMIN\eclipse-workspace\Selenium_Framework\testng.xml"
15:01:34.289 [main] INFO  org.testng.internal.Utils - [TestNG] Running:
  C:\Users\ADMIN\eclipse-workspace\Selenium_Framework\testng.xml

15:01:58.828 [main] DEBUG org.testng.TestNG - suiteXmlPath: "C:\Users\ADMIN\eclipse-workspace\Selenium_Framework\testng.xml"
15:01:59.103 [main] INFO  org.testng.internal.Utils - [TestNG] Running:
  C:\Users\ADMIN\eclipse-workspace\Selenium_Framework\testng.xml

15:02:06.426 [main] INFO  testCases.TC001_AccountRegistrationTest - **** Starting TC001_AccountRegistrationTest ****
15:02:06.544 [main] INFO  testCases.TC001_AccountRegistrationTest - Clicked on MyAccount link
15:02:07.389 [main] INFO  testCases.TC001_AccountRegistrationTest - Clicked on Register link
15:02:07.391 [main] INFO  testCases.TC001_AccountRegistrationTest - Providing customer details...
15:02:12.057 [main] INFO  testCases.TC001_AccountRegistrationTest - Validating expected message...
15:02:12.095 [main] INFO  testCases.TC001_AccountRegistrationTest - **** Finished TC001_AccountRegistrationTest ****
15:03:20.797 [main] DEBUG org.testng.TestNG - suiteXmlPath: "C:\Users\ADMIN\eclipse-workspace\Selenium_Framework\master.xml"
15:03:21.090 [main] INFO  org.testng.internal.Utils - [TestNG] Running:
  C:\Users\ADMIN\eclipse-workspace\Selenium_Framework\master.xml

15:03:33.576 [main] INFO  testCases.TC001_AccountRegistrationTest - **** Starting TC001_AccountRegistrationTest ****
15:03:33.697 [main] INFO  testCases.TC001_AccountRegistrationTest - Clicked on MyAccount link
15:03:34.995 [main] INFO  testCases.TC001_AccountRegistrationTest - Clicked on Register link
15:03:34.999 [main] INFO  testCases.TC001_AccountRegistrationTest - Providing customer details...
15:03:40.011 [main] INFO  testCases.TC001_AccountRegistrationTest - Validating expected message...
15:03:40.065 [main] INFO  testCases.TC001_AccountRegistrationTest - **** Finished TC001_AccountRegistrationTest ****
15:03:46.562 [main] INFO  testCases.TC002_LoginTest - **** Starting TC002_LoginTest ****
15:03:48.497 [main] INFO  testCases.TC002_LoginTest - **** Finished TC002_LoginTest ****
15:05:36.215 [main] DEBUG org.testng.TestNG - suiteXmlPath: "C:\Users\ADMIN\eclipse-workspace\Selenium_Framework\master.xml"
15:05:36.517 [main] INFO  org.testng.internal.Utils - [TestNG] Running:
  C:\Users\ADMIN\eclipse-workspace\Selenium_Framework\master.xml

15:05:43.649 [main] INFO  testCases.TC001_AccountRegistrationTest - **** Starting TC001_AccountRegistrationTest ****
15:05:43.757 [main] INFO  testCases.TC001_AccountRegistrationTest - Clicked on MyAccount link
15:05:44.698 [main] INFO  testCases.TC001_AccountRegistrationTest - Clicked on Register link
15:05:44.700 [main] INFO  testCases.TC001_AccountRegistrationTest - Providing customer details...
15:05:49.523 [main] INFO  testCases.TC001_AccountRegistrationTest - Validating expected message...
15:05:49.579 [main] INFO  testCases.TC001_AccountRegistrationTest - **** Finished TC001_AccountRegistrationTest ****
15:05:53.726 [main] INFO  testCases.TC002_LoginTest - **** Starting TC002_LoginTest ****
15:09:54.027 [main] DEBUG org.testng.TestNG - suiteXmlPath: "C:\Users\ADMIN\eclipse-workspace\Selenium_Framework\master.xml"
15:09:54.320 [main] INFO  org.testng.internal.Utils - [TestNG] Running:
  C:\Users\ADMIN\eclipse-workspace\Selenium_Framework\master.xml

15:10:01.589 [main] INFO  testCases.TC001_AccountRegistrationTest - **** Starting TC001_AccountRegistrationTest ****
15:10:01.699 [main] INFO  testCases.TC001_AccountRegistrationTest - Clicked on MyAccount link
15:10:03.409 [main] INFO  testCases.TC001_AccountRegistrationTest - Clicked on Register link
15:10:03.412 [main] INFO  testCases.TC001_AccountRegistrationTest - Providing customer details...
15:10:08.096 [main] INFO  testCases.TC001_AccountRegistrationTest - Validating expected message...
15:10:08.149 [main] INFO  testCases.TC001_AccountRegistrationTest - **** Finished TC001_AccountRegistrationTest ****
15:10:14.257 [main] INFO  testCases.TC002_LoginTest - **** Starting TC002_LoginTest ****
15:10:16.517 [main] INFO  testCases.TC002_LoginTest - **** Finished TC002_LoginTest ****
15:18:18.227 [main] DEBUG org.testng.TestNG - suiteXmlPath: "C:\Users\ADMIN\eclipse-workspace\Selenium_Framework\master.xml"
15:18:18.516 [main] INFO  org.testng.internal.Utils - [TestNG] Running:
  C:\Users\ADMIN\eclipse-workspace\Selenium_Framework\master.xml

15:18:25.835 [main] INFO  testCases.TC001_AccountRegistrationTest - **** Starting TC001_AccountRegistrationTest ****
15:18:25.943 [main] INFO  testCases.TC001_AccountRegistrationTest - Clicked on MyAccount link
15:18:26.764 [main] INFO  testCases.TC001_AccountRegistrationTest - Clicked on Register link
15:18:26.767 [main] INFO  testCases.TC001_AccountRegistrationTest - Providing customer details...
15:18:31.438 [main] INFO  testCases.TC001_AccountRegistrationTest - Validating expected message...
15:18:31.493 [main] INFO  testCases.TC001_AccountRegistrationTest - **** Finished TC001_AccountRegistrationTest ****
15:18:36.920 [main] INFO  testCases.TC002_LoginTest - **** Starting TC002_LoginTest ****
15:18:39.282 [main] INFO  testCases.TC002_LoginTest - **** Finished TC002_LoginTest ****
15:19:53.648 [main] DEBUG org.testng.TestNG - suiteXmlPath: "C:\Users\ADMIN\eclipse-workspace\Selenium_Framework\master.xml"
15:19:53.942 [main] INFO  org.testng.internal.Utils - [TestNG] Running:
  C:\Users\ADMIN\eclipse-workspace\Selenium_Framework\master.xml

15:20:00.937 [main] INFO  testCases.TC001_AccountRegistrationTest - **** Starting TC001_AccountRegistrationTest ****
15:20:01.048 [main] INFO  testCases.TC001_AccountRegistrationTest - Clicked on MyAccount link
15:20:02.732 [main] INFO  testCases.TC001_AccountRegistrationTest - Clicked on Register link
15:20:02.735 [main] INFO  testCases.TC001_AccountRegistrationTest - Providing customer details...
15:20:07.237 [main] INFO  testCases.TC001_AccountRegistrationTest - Validating expected message...
15:20:07.288 [main] INFO  testCases.TC001_AccountRegistrationTest - **** Finished TC001_AccountRegistrationTest ****
15:20:15.425 [main] INFO  testCases.TC002_LoginTest - **** Starting TC002_LoginTest ****
15:20:17.255 [main] INFO  testCases.TC002_LoginTest - **** Finished TC002_LoginTest ****
15:22:40.739 [main] DEBUG org.testng.TestNG - suiteXmlPath: "C:\Users\ADMIN\eclipse-workspace\Selenium_Framework\master.xml"
15:22:41.028 [main] INFO  org.testng.internal.Utils - [TestNG] Running:
  C:\Users\ADMIN\eclipse-workspace\Selenium_Framework\master.xml

15:22:45.978 [main] INFO  testCases.TC001_AccountRegistrationTest - **** Starting TC001_AccountRegistrationTest ****
15:22:55.580 [main] DEBUG org.testng.TestNG - suiteXmlPath: "C:\Users\ADMIN\eclipse-workspace\Selenium_Framework\master.xml"
15:22:55.932 [main] INFO  org.testng.internal.Utils - [TestNG] Running:
  C:\Users\ADMIN\eclipse-workspace\Selenium_Framework\master.xml

15:23:02.492 [main] INFO  testCases.TC001_AccountRegistrationTest - **** Starting TC001_AccountRegistrationTest ****
15:23:02.605 [main] INFO  testCases.TC001_AccountRegistrationTest - Clicked on MyAccount link
15:23:03.848 [main] INFO  testCases.TC001_AccountRegistrationTest - Clicked on Register link
15:23:03.854 [main] INFO  testCases.TC001_AccountRegistrationTest - Providing customer details...
15:23:08.346 [main] INFO  testCases.TC001_AccountRegistrationTest - Validating expected message...
15:23:08.405 [main] INFO  testCases.TC001_AccountRegistrationTest - **** Finished TC001_AccountRegistrationTest ****
15:23:14.123 [main] INFO  testCases.TC002_LoginTest - **** Starting TC002_LoginTest ****
15:23:16.293 [main] INFO  testCases.TC002_LoginTest - **** Finished TC002_LoginTest ****
15:26:16.063 [main] DEBUG org.testng.TestNG - suiteXmlPath: "C:\Users\ADMIN\eclipse-workspace\Selenium_Framework\master.xml"
15:26:16.356 [main] INFO  org.testng.internal.Utils - [TestNG] Running:
  C:\Users\ADMIN\eclipse-workspace\Selenium_Framework\master.xml

15:26:22.184 [main] INFO  testCases.TC001_AccountRegistrationTest - **** Starting TC001_AccountRegistrationTest ****
15:26:22.294 [main] INFO  testCases.TC001_AccountRegistrationTest - Clicked on MyAccount link
15:26:23.889 [main] INFO  testCases.TC001_AccountRegistrationTest - Clicked on Register link
15:26:23.893 [main] INFO  testCases.TC001_AccountRegistrationTest - Providing customer details...
15:26:28.561 [main] INFO  testCases.TC001_AccountRegistrationTest - Validating expected message...
15:26:28.606 [main] INFO  testCases.TC001_AccountRegistrationTest - **** Finished TC001_AccountRegistrationTest ****
15:26:33.983 [main] INFO  testCases.TC002_LoginTest - **** Starting TC002_LoginTest ****
15:26:36.399 [main] INFO  testCases.TC002_LoginTest - **** Finished TC002_LoginTest ****
15:28:26.877 [main] DEBUG org.testng.TestNG - suiteXmlPath: "C:\Users\ADMIN\eclipse-workspace\Selenium_Framework\master.xml"
15:28:27.180 [main] INFO  org.testng.internal.Utils - [TestNG] Running:
  C:\Users\ADMIN\eclipse-workspace\Selenium_Framework\master.xml

15:28:32.767 [main] INFO  testCases.TC001_AccountRegistrationTest - **** Starting TC001_AccountRegistrationTest ****
15:28:32.902 [main] INFO  testCases.TC001_AccountRegistrationTest - Clicked on MyAccount link
15:28:34.491 [main] INFO  testCases.TC001_AccountRegistrationTest - Clicked on Register link
15:28:34.498 [main] INFO  testCases.TC001_AccountRegistrationTest - Providing customer details...
15:28:38.978 [main] INFO  testCases.TC001_AccountRegistrationTest - Validating expected message...
15:28:39.021 [main] INFO  testCases.TC001_AccountRegistrationTest - **** Finished TC001_AccountRegistrationTest ****
15:28:44.738 [main] INFO  testCases.TC002_LoginTest - **** Starting TC002_LoginTest ****
15:28:46.612 [main] INFO  testCases.TC002_LoginTest - **** Finished TC002_LoginTest ****
15:29:59.135 [main] DEBUG org.testng.TestNG - suiteXmlPath: "C:\Users\ADMIN\eclipse-workspace\Selenium_Framework\grouping.xml"
15:29:59.432 [main] INFO  org.testng.internal.Utils - [TestNG] Running:
  C:\Users\ADMIN\eclipse-workspace\Selenium_Framework\grouping.xml

15:30:07.176 [main] INFO  testCases.TC001_AccountRegistrationTest - **** Starting TC001_AccountRegistrationTest ****
15:30:07.283 [main] INFO  testCases.TC001_AccountRegistrationTest - Clicked on MyAccount link
15:30:08.756 [main] INFO  testCases.TC001_AccountRegistrationTest - Clicked on Register link
15:30:08.758 [main] INFO  testCases.TC001_AccountRegistrationTest - Providing customer details...
15:30:13.316 [main] INFO  testCases.TC001_AccountRegistrationTest - Validating expected message...
15:30:13.377 [main] INFO  testCases.TC001_AccountRegistrationTest - **** Finished TC001_AccountRegistrationTest ****
15:30:19.540 [main] INFO  testCases.TC002_LoginTest - **** Starting TC002_LoginTest ****
15:30:21.446 [main] INFO  testCases.TC002_LoginTest - **** Finished TC002_LoginTest ****
15:31:16.592 [main] DEBUG org.testng.TestNG - suiteXmlPath: "C:\Users\ADMIN\eclipse-workspace\Selenium_Framework\crossbrowsertesting.xml"
15:31:16.901 [main] INFO  org.testng.internal.Utils - [TestNG] Running:
  C:\Users\ADMIN\eclipse-workspace\Selenium_Framework\crossbrowsertesting.xml

15:31:30.530 [TestNG-tests-1] INFO  testCases.TC001_AccountRegistrationTest - **** Starting TC001_AccountRegistrationTest ****
15:31:34.496 [TestNG-tests-2] INFO  testCases.TC001_AccountRegistrationTest - **** Starting TC001_AccountRegistrationTest ****
15:31:36.454 [TestNG-tests-3] INFO  testCases.TC001_AccountRegistrationTest - **** Starting TC001_AccountRegistrationTest ****
15:31:36.865 [TestNG-tests-3] INFO  testCases.TC001_AccountRegistrationTest - Clicked on MyAccount link
15:31:37.106 [TestNG-tests-2] INFO  testCases.TC001_AccountRegistrationTest - Clicked on MyAccount link
15:35:45.585 [main] DEBUG org.testng.TestNG - suiteXmlPath: "C:\Users\ADMIN\eclipse-workspace\Selenium_Framework\crossbrowsertesting.xml"
15:35:45.915 [main] INFO  org.testng.internal.Utils - [TestNG] Running:
  C:\Users\ADMIN\eclipse-workspace\Selenium_Framework\crossbrowsertesting.xml

15:35:58.655 [TestNG-tests-1] INFO  testCases.TC001_AccountRegistrationTest - **** Starting TC001_AccountRegistrationTest ****
15:36:02.233 [TestNG-tests-2] INFO  testCases.TC001_AccountRegistrationTest - **** Starting TC001_AccountRegistrationTest ****
15:36:02.335 [TestNG-tests-1] INFO  testCases.TC001_AccountRegistrationTest - Clicked on MyAccount link
15:36:04.531 [TestNG-tests-1] INFO  testCases.TC001_AccountRegistrationTest - Clicked on Register link
15:36:04.533 [TestNG-tests-1] INFO  testCases.TC001_AccountRegistrationTest - Providing customer details...
15:36:06.084 [TestNG-tests-3] INFO  testCases.TC001_AccountRegistrationTest - **** Starting TC001_AccountRegistrationTest ****
15:36:16.368 [TestNG-tests-2] INFO  testCases.TC001_AccountRegistrationTest - Clicked on MyAccount link
15:36:16.656 [TestNG-tests-3] INFO  testCases.TC001_AccountRegistrationTest - Clicked on MyAccount link
15:36:30.007 [TestNG-tests-1] INFO  testCases.TC002_LoginTest - **** Starting TC002_LoginTest ****
15:36:31.938 [TestNG-tests-1] INFO  testCases.TC002_LoginTest - **** Finished TC002_LoginTest ****
15:43:16.572 [main] DEBUG org.testng.TestNG - suiteXmlPath: "C:\Users\ADMIN\eclipse-workspace\Selenium_Framework\crossbrowsertesting.xml"
15:43:16.891 [main] INFO  org.testng.internal.Utils - [TestNG] Running:
  C:\Users\ADMIN\eclipse-workspace\Selenium_Framework\crossbrowsertesting.xml

15:43:30.458 [TestNG-tests-1] INFO  testCases.TC001_AccountRegistrationTest - **** Starting TC001_AccountRegistrationTest ****
15:43:31.653 [TestNG-tests-2] INFO  testCases.TC001_AccountRegistrationTest - **** Starting TC001_AccountRegistrationTest ****
15:43:34.763 [TestNG-tests-3] INFO  testCases.TC001_AccountRegistrationTest - **** Starting TC001_AccountRegistrationTest ****
15:43:35.039 [TestNG-tests-1] INFO  testCases.TC001_AccountRegistrationTest - Clicked on MyAccount link
15:43:35.259 [TestNG-tests-3] INFO  testCases.TC001_AccountRegistrationTest - Clicked on MyAccount link
15:43:35.471 [TestNG-tests-2] INFO  testCases.TC001_AccountRegistrationTest - Clicked on MyAccount link
15:43:36.811 [TestNG-tests-3] INFO  testCases.TC001_AccountRegistrationTest - Clicked on Register link
15:43:36.813 [TestNG-tests-3] INFO  testCases.TC001_AccountRegistrationTest - Providing customer details...
15:47:55.757 [main] DEBUG org.testng.TestNG - suiteXmlPath: "C:\Users\ADMIN\eclipse-workspace\Selenium_Framework\crossbrowsertesting.xml"
15:47:56.072 [main] INFO  org.testng.internal.Utils - [TestNG] Running:
  C:\Users\ADMIN\eclipse-workspace\Selenium_Framework\crossbrowsertesting.xml

15:48:07.790 [TestNG-tests-1] INFO  testCases.TC001_AccountRegistrationTest - **** Starting TC001_AccountRegistrationTest ****
15:48:13.454 [TestNG-tests-2] INFO  testCases.TC001_AccountRegistrationTest - **** Starting TC001_AccountRegistrationTest ****
15:48:14.223 [TestNG-tests-3] INFO  testCases.TC001_AccountRegistrationTest - **** Starting TC001_AccountRegistrationTest ****
15:48:14.539 [TestNG-tests-2] INFO  testCases.TC001_AccountRegistrationTest - Clicked on MyAccount link
15:48:14.769 [TestNG-tests-3] INFO  testCases.TC001_AccountRegistrationTest - Clicked on MyAccount link
15:49:49.360 [main] DEBUG org.testng.TestNG - suiteXmlPath: "C:\Users\ADMIN\eclipse-workspace\Selenium_Framework\master.xml"
15:49:49.660 [main] INFO  org.testng.internal.Utils - [TestNG] Running:
  C:\Users\ADMIN\eclipse-workspace\Selenium_Framework\master.xml

15:49:57.084 [main] INFO  testCases.TC001_AccountRegistrationTest - **** Starting TC001_AccountRegistrationTest ****
15:49:57.192 [main] INFO  testCases.TC001_AccountRegistrationTest - Clicked on MyAccount link
15:49:58.083 [main] INFO  testCases.TC001_AccountRegistrationTest - Clicked on Register link
15:49:58.087 [main] INFO  testCases.TC001_AccountRegistrationTest - Providing customer details...
15:50:04.098 [main] INFO  testCases.TC001_AccountRegistrationTest - Validating expected message...
15:50:04.155 [main] INFO  testCases.TC001_AccountRegistrationTest - **** Finished TC001_AccountRegistrationTest ****
15:50:11.183 [main] INFO  testCases.TC002_LoginTest - **** Starting TC002_LoginTest ****
15:50:13.035 [main] INFO  testCases.TC002_LoginTest - **** Finished TC002_LoginTest ****
15:50:36.755 [main] DEBUG org.testng.TestNG - suiteXmlPath: "C:\Users\ADMIN\eclipse-workspace\Selenium_Framework\crossbrowsertesting.xml"
15:50:37.123 [main] INFO  org.testng.internal.Utils - [TestNG] Running:
  C:\Users\ADMIN\eclipse-workspace\Selenium_Framework\crossbrowsertesting.xml

15:50:58.489 [TestNG-tests-1] INFO  testCases.TC001_AccountRegistrationTest - **** Starting TC001_AccountRegistrationTest ****
15:50:59.251 [TestNG-tests-2] INFO  testCases.TC001_AccountRegistrationTest - **** Starting TC001_AccountRegistrationTest ****
15:50:59.280 [TestNG-tests-3] INFO  testCases.TC001_AccountRegistrationTest - **** Starting TC001_AccountRegistrationTest ****
15:50:59.569 [TestNG-tests-2] INFO  testCases.TC001_AccountRegistrationTest - Clicked on MyAccount link
15:50:59.790 [TestNG-tests-1] INFO  testCases.TC001_AccountRegistrationTest - Clicked on MyAccount link
15:51:00.017 [TestNG-tests-3] INFO  testCases.TC001_AccountRegistrationTest - Clicked on MyAccount link
15:51:01.345 [TestNG-tests-1] INFO  testCases.TC001_AccountRegistrationTest - Clicked on Register link
15:51:01.347 [TestNG-tests-1] INFO  testCases.TC001_AccountRegistrationTest - Providing customer details...
15:56:49.759 [main] DEBUG org.testng.TestNG - suiteXmlPath: "C:\Users\ADMIN\eclipse-workspace\Selenium_Framework\crossbrowsertesting.xml"
15:56:50.056 [main] INFO  org.testng.internal.Utils - [TestNG] Running:
  C:\Users\ADMIN\eclipse-workspace\Selenium_Framework\crossbrowsertesting.xml

15:57:02.540 [TestNG-tests-1] INFO  testCases.TC001_AccountRegistrationTest - **** Starting TC001_AccountRegistrationTest ****
15:57:02.679 [TestNG-tests-1] INFO  testCases.TC001_AccountRegistrationTest - Clicked on MyAccount link
15:57:06.510 [TestNG-tests-1] INFO  testCases.TC001_AccountRegistrationTest - Clicked on Register link
15:57:06.513 [TestNG-tests-1] INFO  testCases.TC001_AccountRegistrationTest - Providing customer details...
15:57:09.500 [TestNG-tests-2] INFO  testCases.TC001_AccountRegistrationTest - **** Starting TC001_AccountRegistrationTest ****
